# JRE version: OpenJDK Runtime Environment Temurin-21.0.6+7 (21.0.6+7) (build 21.0.6+7-LTS)
# Java VM: OpenJDK 64-Bit Server VM Temurin-21.0.6+7 (21.0.6+7-LTS, mixed mode, sharing, tiered, compressed oops, compressed class ptrs, parallel gc, windows-amd64)
GC Precious Log:
 CardTable entry size: 512
 CPUs: 4 total, 4 available
 Memory: 12157M
 Large Page Support: Disabled
 NUMA Support: Disabled
 Compressed Oops: Enabled (32-bit)
 Alignments: Space 512K, Generation 512K, Heap 2M
 Heap Min Capacity: 100M
 Heap Initial Capacity: 100M
 Heap Max Capacity: 1G
 Pre-touch: Disabled
 Parallel Workers: 4
Heap:
 PSYoungGen      total 9216K, used 0K [0x00000000eab00000, 0x00000000eb500000, 0x0000000100000000)
  eden space 6144K, 0% used [0x00000000eab00000,0x00000000eab00000,0x00000000eb100000)
  from space 3072K, 0% used [0x00000000eb100000,0x00000000eb100000,0x00000000eb400000)
  to   space 1024K, 0% used [0x00000000eb400000,0x00000000eb400000,0x00000000eb500000)
 ParOldGen       total 699392K, used 697640K [0x00000000c0000000, 0x00000000eab00000, 0x00000000eab00000)
  object space 699392K, 99% used [0x00000000c0000000,0x00000000ea94a060,0x00000000eab00000)
 Metaspace       used 90389K, committed 92032K, reserved 1179648K
  class space    used 8678K, committed 9472K, reserved 1048576K
GC Heap History (20 events):
Event: 1786.701 GC heap after
{Heap after GC invocations=7442 (full 24):
 PSYoungGen      total 5632K, used 496K [0x00000000eab00000, 0x00000000eb680000, 0x0000000100000000)
  eden space 5120K, 0% used [0x00000000eab00000,0x00000000eab00000,0x00000000eb000000)
  from space 512K, 96% used [0x00000000eb600000,0x00000000eb67c010,0x00000000eb680000)
  to   space 1024K, 0% used [0x00000000eb480000,0x00000000eb480000,0x00000000eb580000)
 ParOldGen       total 659968K, used 659695K [0x00000000c0000000, 0x00000000e8480000, 0x00000000eab00000)
  object space 659968K, 99% used [0x00000000c0000000,0x00000000e843be20,0x00000000e8480000)
 Metaspace       used 90387K, committed 92032K, reserved 1179648K
  class space    used 8678K, committed 9472K, reserved 1048576K
}
Event: 1786.714 GC heap before
{Heap before GC invocations=7443 (full 24):
 PSYoungGen      total 5632K, used 5616K [0x00000000eab00000, 0x00000000eb680000, 0x0000000100000000)
  eden space 5120K, 100% used [0x00000000eab00000,0x00000000eb000000,0x00000000eb000000)
  from space 512K, 96% used [0x00000000eb600000,0x00000000eb67c010,0x00000000eb680000)
  to   space 1024K, 0% used [0x00000000eb480000,0x00000000eb480000,0x00000000eb580000)
 ParOldGen       total 659968K, used 659695K [0x00000000c0000000, 0x00000000e8480000, 0x00000000eab00000)
  object space 659968K, 99% used [0x00000000c0000000,0x00000000e843be20,0x00000000e8480000)
 Metaspace       used 90387K, committed 92032K, reserved 1179648K
  class space    used 8678K, committed 9472K, reserved 1048576K
}
Event: 1786.717 GC heap after
{Heap after GC invocations=7443 (full 24):
 PSYoungGen      total 6144K, used 714K [0x00000000eab00000, 0x00000000eb680000, 0x0000000100000000)
  eden space 5120K, 0% used [0x00000000eab00000,0x00000000eab00000,0x00000000eb000000)
  from space 1024K, 69% used [0x00000000eb480000,0x00000000eb532910,0x00000000eb580000)
  to   space 1024K, 0% used [0x00000000eb580000,0x00000000eb580000,0x00000000eb680000)
 ParOldGen       total 660480K, used 660151K [0x00000000c0000000, 0x00000000e8500000, 0x00000000eab00000)
  object space 660480K, 99% used [0x00000000c0000000,0x00000000e84ade30,0x00000000e8500000)
 Metaspace       used 90387K, committed 92032K, reserved 1179648K
  class space    used 8678K, committed 9472K, reserved 1048576K
}
Event: 1786.861 GC heap before
{Heap before GC invocations=7444 (full 24):
 PSYoungGen      total 6144K, used 5834K [0x00000000eab00000, 0x00000000eb680000, 0x0000000100000000)
  eden space 5120K, 99% used [0x00000000eab00000,0x00000000eaffffe0,0x00000000eb000000)
  from space 1024K, 69% used [0x00000000eb480000,0x00000000eb532910,0x00000000eb580000)
  to   space 1024K, 0% used [0x00000000eb580000,0x00000000eb580000,0x00000000eb680000)
 ParOldGen       total 660480K, used 660151K [0x00000000c0000000, 0x00000000e8500000, 0x00000000eab00000)
  object space 660480K, 99% used [0x00000000c0000000,0x00000000e84ade30,0x00000000e8500000)
 Metaspace       used 90388K, committed 92032K, reserved 1179648K
  class space    used 8678K, committed 9472K, reserved 1048576K
}
Event: 1786.862 GC heap after
{Heap after GC invocations=7444 (full 24):
 PSYoungGen      total 5632K, used 378K [0x00000000eab00000, 0x00000000eb600000, 0x0000000100000000)
  eden space 5120K, 0% used [0x00000000eab00000,0x00000000eab00000,0x00000000eb000000)
  from space 512K, 73% used [0x00000000eb580000,0x00000000eb5de900,0x00000000eb600000)
  to   space 512K, 0% used [0x00000000eb500000,0x00000000eb500000,0x00000000eb580000)
 ParOldGen       total 660480K, used 660415K [0x00000000c0000000, 0x00000000e8500000, 0x00000000eab00000)
  object space 660480K, 99% used [0x00000000c0000000,0x00000000e84efe30,0x00000000e8500000)
 Metaspace       used 90388K, committed 92032K, reserved 1179648K
  class space    used 8678K, committed 9472K, reserved 1048576K
}
Event: 1787.443 GC heap before
{Heap before GC invocations=7445 (full 24):
 PSYoungGen      total 5632K, used 5497K [0x00000000eab00000, 0x00000000eb600000, 0x0000000100000000)
  eden space 5120K, 99% used [0x00000000eab00000,0x00000000eafffd40,0x00000000eb000000)
  from space 512K, 73% used [0x00000000eb580000,0x00000000eb5de900,0x00000000eb600000)
  to   space 512K, 0% used [0x00000000eb500000,0x00000000eb500000,0x00000000eb580000)
 ParOldGen       total 660480K, used 660415K [0x00000000c0000000, 0x00000000e8500000, 0x00000000eab00000)
  object space 660480K, 99% used [0x00000000c0000000,0x00000000e84efe30,0x00000000e8500000)
 Metaspace       used 90388K, committed 92032K, reserved 1179648K
  class space    used 8678K, committed 9472K, reserved 1048576K
}
Event: 1787.445 GC heap after
{Heap after GC invocations=7445 (full 24):
 PSYoungGen      total 5632K, used 96K [0x00000000eab00000, 0x00000000eb600000, 0x0000000100000000)
  eden space 5120K, 0% used [0x00000000eab00000,0x00000000eab00000,0x00000000eb000000)
  from space 512K, 18% used [0x00000000eb500000,0x00000000eb518000,0x00000000eb580000)
  to   space 512K, 0% used [0x00000000eb580000,0x00000000eb580000,0x00000000eb600000)
 ParOldGen       total 660480K, used 660439K [0x00000000c0000000, 0x00000000e8500000, 0x00000000eab00000)
  object space 660480K, 99% used [0x00000000c0000000,0x00000000e84f5e30,0x00000000e8500000)
 Metaspace       used 90388K, committed 92032K, reserved 1179648K
  class space    used 8678K, committed 9472K, reserved 1048576K
}
Event: 1787.491 GC heap before
{Heap before GC invocations=7446 (full 24):
 PSYoungGen      total 5632K, used 5216K [0x00000000eab00000, 0x00000000eb600000, 0x0000000100000000)
  eden space 5120K, 100% used [0x00000000eab00000,0x00000000eb000000,0x00000000eb000000)
  from space 512K, 18% used [0x00000000eb500000,0x00000000eb518000,0x00000000eb580000)
  to   space 512K, 0% used [0x00000000eb580000,0x00000000eb580000,0x00000000eb600000)
 ParOldGen       total 660480K, used 660439K [0x00000000c0000000, 0x00000000e8500000, 0x00000000eab00000)
  object space 660480K, 99% used [0x00000000c0000000,0x00000000e84f5e30,0x00000000e8500000)
 Metaspace       used 90388K, committed 92032K, reserved 1179648K
  class space    used 8678K, committed 9472K, reserved 1048576K
}
Event: 1787.497 GC heap after
{Heap after GC invocations=7446 (full 24):
 PSYoungGen      total 5632K, used 512K [0x00000000eab00000, 0x00000000ebb00000, 0x0000000100000000)
  eden space 5120K, 0% used [0x00000000eab00000,0x00000000eab00000,0x00000000eb000000)
  from space 512K, 100% used [0x00000000eb580000,0x00000000eb600000,0x00000000eb600000)
  to   space 5632K, 0% used [0x00000000eb000000,0x00000000eb000000,0x00000000eb580000)
 ParOldGen       total 664576K, used 664353K [0x00000000c0000000, 0x00000000e8900000, 0x00000000eab00000)
  object space 664576K, 99% used [0x00000000c0000000,0x00000000e88c87f0,0x00000000e8900000)
 Metaspace       used 90388K, committed 92032K, reserved 1179648K
  class space    used 8678K, committed 9472K, reserved 1048576K
}
Event: 1787.518 GC heap before
{Heap before GC invocations=7447 (full 24):
 PSYoungGen      total 5632K, used 5632K [0x00000000eab00000, 0x00000000ebb00000, 0x0000000100000000)
  eden space 5120K, 100% used [0x00000000eab00000,0x00000000eb000000,0x00000000eb000000)
  from space 512K, 100% used [0x00000000eb580000,0x00000000eb600000,0x00000000eb600000)
  to   space 5632K, 0% used [0x00000000eb000000,0x00000000eb000000,0x00000000eb580000)
 ParOldGen       total 664576K, used 664353K [0x00000000c0000000, 0x00000000e8900000, 0x00000000eab00000)
  object space 664576K, 99% used [0x00000000c0000000,0x00000000e88c87f0,0x00000000e8900000)
 Metaspace       used 90388K, committed 92032K, reserved 1179648K
  class space    used 8678K, committed 9472K, reserved 1048576K
}
Event: 1787.522 GC heap after
{Heap after GC invocations=7447 (full 24):
 PSYoungGen      total 10752K, used 5120K [0x00000000eab00000, 0x00000000ebb00000, 0x0000000100000000)
  eden space 5120K, 0% used [0x00000000eab00000,0x00000000eab00000,0x00000000eb000000)
  from space 5632K, 90% used [0x00000000eb000000,0x00000000eb500000,0x00000000eb580000)
  to   space 5632K, 0% used [0x00000000eb580000,0x00000000eb580000,0x00000000ebb00000)
 ParOldGen       total 665088K, used 664898K [0x00000000c0000000, 0x00000000e8980000, 0x00000000eab00000)
  object space 665088K, 99% used [0x00000000c0000000,0x00000000e8950800,0x00000000e8980000)
 Metaspace       used 90388K, committed 92032K, reserved 1179648K
  class space    used 8678K, committed 9472K, reserved 1048576K
}
Event: 1787.542 GC heap before
{Heap before GC invocations=7448 (full 24):
 PSYoungGen      total 10752K, used 9970K [0x00000000eab00000, 0x00000000ebb00000, 0x0000000100000000)
  eden space 5120K, 94% used [0x00000000eab00000,0x00000000eafbca20,0x00000000eb000000)
  from space 5632K, 90% used [0x00000000eb000000,0x00000000eb500000,0x00000000eb580000)
  to   space 5632K, 0% used [0x00000000eb580000,0x00000000eb580000,0x00000000ebb00000)
 ParOldGen       total 665088K, used 664898K [0x00000000c0000000, 0x00000000e8980000, 0x00000000eab00000)
  object space 665088K, 99% used [0x00000000c0000000,0x00000000e8950800,0x00000000e8980000)
 Metaspace       used 90388K, committed 92032K, reserved 1179648K
  class space    used 8678K, committed 9472K, reserved 1048576K
}
Event: 1787.548 GC heap after
{Heap after GC invocations=7448 (full 24):
 PSYoungGen      total 9728K, used 4508K [0x00000000eab00000, 0x00000000eba00000, 0x0000000100000000)
  eden space 5120K, 0% used [0x00000000eab00000,0x00000000eab00000,0x00000000eb000000)
  from space 4608K, 97% used [0x00000000eb580000,0x00000000eb9e7000,0x00000000eba00000)
  to   space 5120K, 0% used [0x00000000eb000000,0x00000000eb000000,0x00000000eb500000)
 ParOldGen       total 670208K, used 670018K [0x00000000c0000000, 0x00000000e8e80000, 0x00000000eab00000)
  object space 670208K, 99% used [0x00000000c0000000,0x00000000e8e50800,0x00000000e8e80000)
 Metaspace       used 90388K, committed 92032K, reserved 1179648K
  class space    used 8678K, committed 9472K, reserved 1048576K
}
Event: 1787.561 GC heap before
{Heap before GC invocations=7449 (full 24):
 PSYoungGen      total 9728K, used 8943K [0x00000000eab00000, 0x00000000eba00000, 0x0000000100000000)
  eden space 5120K, 86% used [0x00000000eab00000,0x00000000eaf54e30,0x00000000eb000000)
  from space 4608K, 97% used [0x00000000eb580000,0x00000000eb9e7000,0x00000000eba00000)
  to   space 5120K, 0% used [0x00000000eb000000,0x00000000eb000000,0x00000000eb500000)
 ParOldGen       total 670208K, used 670018K [0x00000000c0000000, 0x00000000e8e80000, 0x00000000eab00000)
  object space 670208K, 99% used [0x00000000c0000000,0x00000000e8e50800,0x00000000e8e80000)
 Metaspace       used 90388K, committed 92032K, reserved 1179648K
  class space    used 8678K, committed 9472K, reserved 1048576K
}
Event: 1787.566 GC heap after
{Heap after GC invocations=7449 (full 24):
 PSYoungGen      total 9216K, used 3842K [0x00000000eab00000, 0x00000000eb900000, 0x0000000100000000)
  eden space 5120K, 0% used [0x00000000eab00000,0x00000000eab00000,0x00000000eb000000)
  from space 4096K, 93% used [0x00000000eb000000,0x00000000eb3c0888,0x00000000eb400000)
  to   space 4608K, 0% used [0x00000000eb480000,0x00000000eb480000,0x00000000eb900000)
 ParOldGen       total 674304K, used 674152K [0x00000000c0000000, 0x00000000e9280000, 0x00000000eab00000)
  object space 674304K, 99% used [0x00000000c0000000,0x00000000e925a000,0x00000000e9280000)
 Metaspace       used 90388K, committed 92032K, reserved 1179648K
  class space    used 8678K, committed 9472K, reserved 1048576K
}
Event: 1787.595 GC heap before
{Heap before GC invocations=7450 (full 24):
 PSYoungGen      total 9216K, used 7874K [0x00000000eab00000, 0x00000000eb900000, 0x0000000100000000)
  eden space 5120K, 78% used [0x00000000eab00000,0x00000000eaef0050,0x00000000eb000000)
  from space 4096K, 93% used [0x00000000eb000000,0x00000000eb3c0888,0x00000000eb400000)
  to   space 4608K, 0% used [0x00000000eb480000,0x00000000eb480000,0x00000000eb900000)
 ParOldGen       total 699392K, used 693352K [0x00000000c0000000, 0x00000000eab00000, 0x00000000eab00000)
  object space 699392K, 99% used [0x00000000c0000000,0x00000000ea51a020,0x00000000eab00000)
 Metaspace       used 90389K, committed 92032K, reserved 1179648K
  class space    used 8678K, committed 9472K, reserved 1048576K
}
Event: 1787.599 GC heap after
{Heap after GC invocations=7450 (full 24):
 PSYoungGen      total 7680K, used 2248K [0x00000000eab00000, 0x00000000eb700000, 0x0000000100000000)
  eden space 5120K, 0% used [0x00000000eab00000,0x00000000eab00000,0x00000000eb000000)
  from space 2560K, 87% used [0x00000000eb480000,0x00000000eb6b2010,0x00000000eb700000)
  to   space 3072K, 0% used [0x00000000eb100000,0x00000000eb100000,0x00000000eb400000)
 ParOldGen       total 699392K, used 694048K [0x00000000c0000000, 0x00000000eab00000, 0x00000000eab00000)
  object space 699392K, 99% used [0x00000000c0000000,0x00000000ea5c8020,0x00000000eab00000)
 Metaspace       used 90389K, committed 92032K, reserved 1179648K
  class space    used 8678K, committed 9472K, reserved 1048576K
}
Event: 1787.599 GC heap before
{Heap before GC invocations=7451 (full 24):
 PSYoungGen      total 7680K, used 2248K [0x00000000eab00000, 0x00000000eb700000, 0x0000000100000000)
  eden space 5120K, 0% used [0x00000000eab00000,0x00000000eab00000,0x00000000eb000000)
  from space 2560K, 87% used [0x00000000eb480000,0x00000000eb6b2010,0x00000000eb700000)
  to   space 3072K, 0% used [0x00000000eb100000,0x00000000eb100000,0x00000000eb400000)
 ParOldGen       total 699392K, used 694048K [0x00000000c0000000, 0x00000000eab00000, 0x00000000eab00000)
  object space 699392K, 99% used [0x00000000c0000000,0x00000000ea5c8020,0x00000000eab00000)
 Metaspace       used 90389K, committed 92032K, reserved 1179648K
  class space    used 8678K, committed 9472K, reserved 1048576K
}
Event: 1787.602 GC heap after
{Heap after GC invocations=7451 (full 24):
 PSYoungGen      total 9216K, used 0K [0x00000000eab00000, 0x00000000eb500000, 0x0000000100000000)
  eden space 6144K, 0% used [0x00000000eab00000,0x00000000eab00000,0x00000000eb100000)
  from space 3072K, 0% used [0x00000000eb100000,0x00000000eb100000,0x00000000eb400000)
  to   space 1024K, 0% used [0x00000000eb400000,0x00000000eb400000,0x00000000eb500000)
 ParOldGen       total 699392K, used 697640K [0x00000000c0000000, 0x00000000eab00000, 0x00000000eab00000)
  object space 699392K, 99% used [0x00000000c0000000,0x00000000ea94a060,0x00000000eab00000)
 Metaspace       used 90389K, committed 92032K, reserved 1179648K
  class space    used 8678K, committed 9472K, reserved 1048576K
}
Event: 1787.602 GC heap before
{Heap before GC invocations=7452 (full 25):
 PSYoungGen      total 9216K, used 0K [0x00000000eab00000, 0x00000000eb500000, 0x0000000100000000)
  eden space 6144K, 0% used [0x00000000eab00000,0x00000000eab00000,0x00000000eb100000)
  from space 3072K, 0% used [0x00000000eb100000,0x00000000eb100000,0x00000000eb400000)
  to   space 1024K, 0% used [0x00000000eb400000,0x00000000eb400000,0x00000000eb500000)
 ParOldGen       total 699392K, used 697640K [0x00000000c0000000, 0x00000000eab00000, 0x00000000eab00000)
  object space 699392K, 99% used [0x00000000c0000000,0x00000000ea94a060,0x00000000eab00000)
 Metaspace       used 90389K, committed 92032K, reserved 1179648K
  class space    used 8678K, committed 9472K, reserved 1048576K
}

