# JRE version: OpenJDK Runtime Environment Temurin-21.0.6+7 (21.0.6+7) (build 21.0.6+7-LTS)
# Java VM: OpenJDK 64-Bit Server VM Temurin-21.0.6+7 (21.0.6+7-LTS, mixed mode, sharing, tiered, compressed oops, compressed class ptrs, parallel gc, windows-amd64)
GC Precious Log:
 CardTable entry size: 512
 CPUs: 4 total, 4 available
 Memory: 12157M
 Large Page Support: Disabled
 NUMA Support: Disabled
 Compressed Oops: Enabled (32-bit)
 Alignments: Space 512K, Generation 512K, Heap 2M
 Heap Min Capacity: 100M
 Heap Initial Capacity: 100M
 Heap Max Capacity: 1G
 Pre-touch: Disabled
 Parallel Workers: 4
Heap:
 PSYoungGen      total 24064K, used 23565K [0x00000000eab00000, 0x00000000ec780000, 0x0000000100000000)
  eden space 20480K, 100% used [0x00000000eab00000,0x00000000ebf00000,0x00000000ebf00000)
  from space 3584K, 86% used [0x00000000ec400000,0x00000000ec703498,0x00000000ec780000)
  to   space 4096K, 30% used [0x00000000ebf80000,0x00000000ec0b4010,0x00000000ec380000)
 ParOldGen       total 69120K, used 68791K [0x00000000c0000000, 0x00000000c4380000, 0x00000000eab00000)
  object space 69120K, 99% used [0x00000000c0000000,0x00000000c432dd38,0x00000000c4380000)
 Metaspace       used 63588K, committed 64960K, reserved 1114112K
  class space    used 6541K, committed 7168K, reserved 1048576K
GC Heap History (20 events):
Event: 10.652 GC heap after
{Heap after GC invocations=34 (full 2):
 PSYoungGen      total 23552K, used 3045K [0x00000000eab00000, 0x00000000ec980000, 0x0000000100000000)
  eden space 20480K, 0% used [0x00000000eab00000,0x00000000eab00000,0x00000000ebf00000)
  from space 3072K, 99% used [0x00000000ec680000,0x00000000ec9796c8,0x00000000ec980000)
  to   space 4608K, 0% used [0x00000000ec080000,0x00000000ec080000,0x00000000ec500000)
 ParOldGen       total 68608K, used 53936K [0x00000000c0000000, 0x00000000c4300000, 0x00000000eab00000)
  object space 68608K, 78% used [0x00000000c0000000,0x00000000c34ac358,0x00000000c4300000)
 Metaspace       used 58232K, committed 59456K, reserved 1114112K
  class space    used 6132K, committed 6656K, reserved 1048576K
}
Event: 10.769 GC heap before
{Heap before GC invocations=35 (full 2):
 PSYoungGen      total 23552K, used 23525K [0x00000000eab00000, 0x00000000ec980000, 0x0000000100000000)
  eden space 20480K, 100% used [0x00000000eab00000,0x00000000ebf00000,0x00000000ebf00000)
  from space 3072K, 99% used [0x00000000ec680000,0x00000000ec9796c8,0x00000000ec980000)
  to   space 4608K, 0% used [0x00000000ec080000,0x00000000ec080000,0x00000000ec500000)
 ParOldGen       total 68608K, used 53936K [0x00000000c0000000, 0x00000000c4300000, 0x00000000eab00000)
  object space 68608K, 78% used [0x00000000c0000000,0x00000000c34ac358,0x00000000c4300000)
 Metaspace       used 58253K, committed 59456K, reserved 1114112K
  class space    used 6132K, committed 6656K, reserved 1048576K
}
Event: 10.772 GC heap after
{Heap after GC invocations=35 (full 2):
 PSYoungGen      total 22016K, used 1139K [0x00000000eab00000, 0x00000000ec700000, 0x0000000100000000)
  eden space 20480K, 0% used [0x00000000eab00000,0x00000000eab00000,0x00000000ebf00000)
  from space 1536K, 74% used [0x00000000ec080000,0x00000000ec19cdf8,0x00000000ec200000)
  to   space 2560K, 0% used [0x00000000ec480000,0x00000000ec480000,0x00000000ec700000)
 ParOldGen       total 68608K, used 56279K [0x00000000c0000000, 0x00000000c4300000, 0x00000000eab00000)
  object space 68608K, 82% used [0x00000000c0000000,0x00000000c36f5ce8,0x00000000c4300000)
 Metaspace       used 58253K, committed 59456K, reserved 1114112K
  class space    used 6132K, committed 6656K, reserved 1048576K
}
Event: 10.815 GC heap before
{Heap before GC invocations=36 (full 2):
 PSYoungGen      total 22016K, used 9874K [0x00000000eab00000, 0x00000000ec700000, 0x0000000100000000)
  eden space 20480K, 42% used [0x00000000eab00000,0x00000000eb387cd0,0x00000000ebf00000)
  from space 1536K, 74% used [0x00000000ec080000,0x00000000ec19cdf8,0x00000000ec200000)
  to   space 2560K, 0% used [0x00000000ec480000,0x00000000ec480000,0x00000000ec700000)
 ParOldGen       total 68608K, used 56279K [0x00000000c0000000, 0x00000000c4300000, 0x00000000eab00000)
  object space 68608K, 82% used [0x00000000c0000000,0x00000000c36f5ce8,0x00000000c4300000)
 Metaspace       used 58591K, committed 59776K, reserved 1114112K
  class space    used 6154K, committed 6656K, reserved 1048576K
}
Event: 10.816 GC heap after
{Heap after GC invocations=36 (full 2):
 PSYoungGen      total 20992K, used 233K [0x00000000eab00000, 0x00000000ec500000, 0x0000000100000000)
  eden space 20480K, 0% used [0x00000000eab00000,0x00000000eab00000,0x00000000ebf00000)
  from space 512K, 45% used [0x00000000ec480000,0x00000000ec4ba770,0x00000000ec500000)
  to   space 1024K, 0% used [0x00000000ec300000,0x00000000ec300000,0x00000000ec400000)
 ParOldGen       total 68608K, used 56697K [0x00000000c0000000, 0x00000000c4300000, 0x00000000eab00000)
  object space 68608K, 82% used [0x00000000c0000000,0x00000000c375e570,0x00000000c4300000)
 Metaspace       used 58591K, committed 59776K, reserved 1114112K
  class space    used 6154K, committed 6656K, reserved 1048576K
}
Event: 10.816 GC heap before
{Heap before GC invocations=37 (full 3):
 PSYoungGen      total 20992K, used 233K [0x00000000eab00000, 0x00000000ec500000, 0x0000000100000000)
  eden space 20480K, 0% used [0x00000000eab00000,0x00000000eab00000,0x00000000ebf00000)
  from space 512K, 45% used [0x00000000ec480000,0x00000000ec4ba770,0x00000000ec500000)
  to   space 1024K, 0% used [0x00000000ec300000,0x00000000ec300000,0x00000000ec400000)
 ParOldGen       total 68608K, used 56697K [0x00000000c0000000, 0x00000000c4300000, 0x00000000eab00000)
  object space 68608K, 82% used [0x00000000c0000000,0x00000000c375e570,0x00000000c4300000)
 Metaspace       used 58591K, committed 59776K, reserved 1114112K
  class space    used 6154K, committed 6656K, reserved 1048576K
}
Event: 10.934 GC heap after
{Heap after GC invocations=37 (full 3):
 PSYoungGen      total 20992K, used 0K [0x00000000eab00000, 0x00000000ec500000, 0x0000000100000000)
  eden space 20480K, 0% used [0x00000000eab00000,0x00000000eab00000,0x00000000ebf00000)
  from space 512K, 0% used [0x00000000ec480000,0x00000000ec480000,0x00000000ec500000)
  to   space 1024K, 0% used [0x00000000ec300000,0x00000000ec300000,0x00000000ec400000)
 ParOldGen       total 68608K, used 52707K [0x00000000c0000000, 0x00000000c4300000, 0x00000000eab00000)
  object space 68608K, 76% used [0x00000000c0000000,0x00000000c3378eb0,0x00000000c4300000)
 Metaspace       used 58591K, committed 59776K, reserved 1114112K
  class space    used 6154K, committed 6656K, reserved 1048576K
}
Event: 11.467 GC heap before
{Heap before GC invocations=38 (full 3):
 PSYoungGen      total 20992K, used 20480K [0x00000000eab00000, 0x00000000ec500000, 0x0000000100000000)
  eden space 20480K, 100% used [0x00000000eab00000,0x00000000ebf00000,0x00000000ebf00000)
  from space 512K, 0% used [0x00000000ec480000,0x00000000ec480000,0x00000000ec500000)
  to   space 1024K, 0% used [0x00000000ec300000,0x00000000ec300000,0x00000000ec400000)
 ParOldGen       total 68608K, used 52707K [0x00000000c0000000, 0x00000000c4300000, 0x00000000eab00000)
  object space 68608K, 76% used [0x00000000c0000000,0x00000000c3378eb0,0x00000000c4300000)
 Metaspace       used 60318K, committed 61568K, reserved 1114112K
  class space    used 6309K, committed 6848K, reserved 1048576K
}
Event: 11.470 GC heap after
{Heap after GC invocations=38 (full 3):
 PSYoungGen      total 21504K, used 1019K [0x00000000eab00000, 0x00000000ec600000, 0x0000000100000000)
  eden space 20480K, 0% used [0x00000000eab00000,0x00000000eab00000,0x00000000ebf00000)
  from space 1024K, 99% used [0x00000000ec300000,0x00000000ec3fecb8,0x00000000ec400000)
  to   space 2048K, 0% used [0x00000000ec400000,0x00000000ec400000,0x00000000ec600000)
 ParOldGen       total 68608K, used 54615K [0x00000000c0000000, 0x00000000c4300000, 0x00000000eab00000)
  object space 68608K, 79% used [0x00000000c0000000,0x00000000c3555e58,0x00000000c4300000)
 Metaspace       used 60318K, committed 61568K, reserved 1114112K
  class space    used 6309K, committed 6848K, reserved 1048576K
}
Event: 12.163 GC heap before
{Heap before GC invocations=39 (full 3):
 PSYoungGen      total 21504K, used 21499K [0x00000000eab00000, 0x00000000ec600000, 0x0000000100000000)
  eden space 20480K, 100% used [0x00000000eab00000,0x00000000ebf00000,0x00000000ebf00000)
  from space 1024K, 99% used [0x00000000ec300000,0x00000000ec3fecb8,0x00000000ec400000)
  to   space 2048K, 0% used [0x00000000ec400000,0x00000000ec400000,0x00000000ec600000)
 ParOldGen       total 68608K, used 54615K [0x00000000c0000000, 0x00000000c4300000, 0x00000000eab00000)
  object space 68608K, 79% used [0x00000000c0000000,0x00000000c3555e58,0x00000000c4300000)
 Metaspace       used 61525K, committed 62848K, reserved 1114112K
  class space    used 6393K, committed 6976K, reserved 1048576K
}
Event: 12.168 GC heap after
{Heap after GC invocations=39 (full 3):
 PSYoungGen      total 22528K, used 2016K [0x00000000eab00000, 0x00000000ec900000, 0x0000000100000000)
  eden space 20480K, 0% used [0x00000000eab00000,0x00000000eab00000,0x00000000ebf00000)
  from space 2048K, 98% used [0x00000000ec400000,0x00000000ec5f8010,0x00000000ec600000)
  to   space 5120K, 0% used [0x00000000ebf00000,0x00000000ebf00000,0x00000000ec400000)
 ParOldGen       total 68608K, used 56897K [0x00000000c0000000, 0x00000000c4300000, 0x00000000eab00000)
  object space 68608K, 82% used [0x00000000c0000000,0x00000000c37905b0,0x00000000c4300000)
 Metaspace       used 61525K, committed 62848K, reserved 1114112K
  class space    used 6393K, committed 6976K, reserved 1048576K
}
Event: 12.580 GC heap before
{Heap before GC invocations=40 (full 3):
 PSYoungGen      total 22528K, used 22496K [0x00000000eab00000, 0x00000000ec900000, 0x0000000100000000)
  eden space 20480K, 100% used [0x00000000eab00000,0x00000000ebf00000,0x00000000ebf00000)
  from space 2048K, 98% used [0x00000000ec400000,0x00000000ec5f8010,0x00000000ec600000)
  to   space 5120K, 0% used [0x00000000ebf00000,0x00000000ebf00000,0x00000000ec400000)
 ParOldGen       total 68608K, used 56897K [0x00000000c0000000, 0x00000000c4300000, 0x00000000eab00000)
  object space 68608K, 82% used [0x00000000c0000000,0x00000000c37905b0,0x00000000c4300000)
 Metaspace       used 62012K, committed 63360K, reserved 1114112K
  class space    used 6426K, committed 7040K, reserved 1048576K
}
Event: 12.586 GC heap after
{Heap after GC invocations=40 (full 3):
 PSYoungGen      total 23040K, used 2432K [0x00000000eab00000, 0x00000000ec600000, 0x0000000100000000)
  eden space 20480K, 0% used [0x00000000eab00000,0x00000000eab00000,0x00000000ebf00000)
  from space 2560K, 95% used [0x00000000ebf00000,0x00000000ec160000,0x00000000ec180000)
  to   space 3584K, 0% used [0x00000000ec280000,0x00000000ec280000,0x00000000ec600000)
 ParOldGen       total 68608K, used 58927K [0x00000000c0000000, 0x00000000c4300000, 0x00000000eab00000)
  object space 68608K, 85% used [0x00000000c0000000,0x00000000c398bfa8,0x00000000c4300000)
 Metaspace       used 62012K, committed 63360K, reserved 1114112K
  class space    used 6426K, committed 7040K, reserved 1048576K
}
Event: 12.720 GC heap before
{Heap before GC invocations=41 (full 3):
 PSYoungGen      total 23040K, used 22912K [0x00000000eab00000, 0x00000000ec600000, 0x0000000100000000)
  eden space 20480K, 100% used [0x00000000eab00000,0x00000000ebf00000,0x00000000ebf00000)
  from space 2560K, 95% used [0x00000000ebf00000,0x00000000ec160000,0x00000000ec180000)
  to   space 3584K, 0% used [0x00000000ec280000,0x00000000ec280000,0x00000000ec600000)
 ParOldGen       total 68608K, used 58927K [0x00000000c0000000, 0x00000000c4300000, 0x00000000eab00000)
  object space 68608K, 85% used [0x00000000c0000000,0x00000000c398bfa8,0x00000000c4300000)
 Metaspace       used 62145K, committed 63488K, reserved 1114112K
  class space    used 6442K, committed 7040K, reserved 1048576K
}
Event: 12.724 GC heap after
{Heap after GC invocations=41 (full 3):
 PSYoungGen      total 22528K, used 1728K [0x00000000eab00000, 0x00000000ec480000, 0x0000000100000000)
  eden space 20480K, 0% used [0x00000000eab00000,0x00000000eab00000,0x00000000ebf00000)
  from space 2048K, 84% used [0x00000000ec280000,0x00000000ec430000,0x00000000ec480000)
  to   space 2560K, 0% used [0x00000000ebf80000,0x00000000ebf80000,0x00000000ec200000)
 ParOldGen       total 68608K, used 61386K [0x00000000c0000000, 0x00000000c4300000, 0x00000000eab00000)
  object space 68608K, 89% used [0x00000000c0000000,0x00000000c3bf2918,0x00000000c4300000)
 Metaspace       used 62145K, committed 63488K, reserved 1114112K
  class space    used 6442K, committed 7040K, reserved 1048576K
}
Event: 13.109 GC heap before
{Heap before GC invocations=42 (full 3):
 PSYoungGen      total 22528K, used 22208K [0x00000000eab00000, 0x00000000ec480000, 0x0000000100000000)
  eden space 20480K, 100% used [0x00000000eab00000,0x00000000ebf00000,0x00000000ebf00000)
  from space 2048K, 84% used [0x00000000ec280000,0x00000000ec430000,0x00000000ec480000)
  to   space 2560K, 0% used [0x00000000ebf80000,0x00000000ebf80000,0x00000000ec200000)
 ParOldGen       total 68608K, used 61386K [0x00000000c0000000, 0x00000000c4300000, 0x00000000eab00000)
  object space 68608K, 89% used [0x00000000c0000000,0x00000000c3bf2918,0x00000000c4300000)
 Metaspace       used 63253K, committed 64704K, reserved 1114112K
  class space    used 6539K, committed 7168K, reserved 1048576K
}
Event: 13.114 GC heap after
{Heap after GC invocations=42 (full 3):
 PSYoungGen      total 23040K, used 2549K [0x00000000eab00000, 0x00000000ec900000, 0x0000000100000000)
  eden space 20480K, 0% used [0x00000000eab00000,0x00000000eab00000,0x00000000ebf00000)
  from space 2560K, 99% used [0x00000000ebf80000,0x00000000ec1fd690,0x00000000ec200000)
  to   space 5120K, 0% used [0x00000000ec400000,0x00000000ec400000,0x00000000ec900000)
 ParOldGen       total 68608K, used 63428K [0x00000000c0000000, 0x00000000c4300000, 0x00000000eab00000)
  object space 68608K, 92% used [0x00000000c0000000,0x00000000c3df12c0,0x00000000c4300000)
 Metaspace       used 63253K, committed 64704K, reserved 1114112K
  class space    used 6539K, committed 7168K, reserved 1048576K
}
Event: 13.375 GC heap before
{Heap before GC invocations=43 (full 3):
 PSYoungGen      total 23040K, used 23029K [0x00000000eab00000, 0x00000000ec900000, 0x0000000100000000)
  eden space 20480K, 100% used [0x00000000eab00000,0x00000000ebf00000,0x00000000ebf00000)
  from space 2560K, 99% used [0x00000000ebf80000,0x00000000ec1fd690,0x00000000ec200000)
  to   space 5120K, 0% used [0x00000000ec400000,0x00000000ec400000,0x00000000ec900000)
 ParOldGen       total 68608K, used 63428K [0x00000000c0000000, 0x00000000c4300000, 0x00000000eab00000)
  object space 68608K, 92% used [0x00000000c0000000,0x00000000c3df12c0,0x00000000c4300000)
 Metaspace       used 63376K, committed 64768K, reserved 1114112K
  class space    used 6540K, committed 7168K, reserved 1048576K
}
Event: 13.380 GC heap after
{Heap after GC invocations=43 (full 3):
 PSYoungGen      total 24064K, used 3085K [0x00000000eab00000, 0x00000000ec780000, 0x0000000100000000)
  eden space 20480K, 0% used [0x00000000eab00000,0x00000000eab00000,0x00000000ebf00000)
  from space 3584K, 86% used [0x00000000ec400000,0x00000000ec703498,0x00000000ec780000)
  to   space 4096K, 0% used [0x00000000ebf80000,0x00000000ebf80000,0x00000000ec380000)
 ParOldGen       total 68608K, used 65868K [0x00000000c0000000, 0x00000000c4300000, 0x00000000eab00000)
  object space 68608K, 96% used [0x00000000c0000000,0x00000000c40530f8,0x00000000c4300000)
 Metaspace       used 63376K, committed 64768K, reserved 1114112K
  class space    used 6540K, committed 7168K, reserved 1048576K
}
Event: 13.990 GC heap before
{Heap before GC invocations=44 (full 3):
 PSYoungGen      total 24064K, used 23565K [0x00000000eab00000, 0x00000000ec780000, 0x0000000100000000)
  eden space 20480K, 100% used [0x00000000eab00000,0x00000000ebf00000,0x00000000ebf00000)
  from space 3584K, 86% used [0x00000000ec400000,0x00000000ec703498,0x00000000ec780000)
  to   space 4096K, 0% used [0x00000000ebf80000,0x00000000ebf80000,0x00000000ec380000)
 ParOldGen       total 68608K, used 65868K [0x00000000c0000000, 0x00000000c4300000, 0x00000000eab00000)
  object space 68608K, 96% used [0x00000000c0000000,0x00000000c40530f8,0x00000000c4300000)
 Metaspace       used 63588K, committed 64960K, reserved 1114112K
  class space    used 6541K, committed 7168K, reserved 1048576K
}

